Release 13.2 - xst O.61xd (nt)
Copyright (c) 1995-2011 Xilinx, Inc.  All rights reserved.
--> Parameter TMPDIR set to xst/projnav.tmp


Total REAL time to Xst completion: 0.00 secs
Total CPU time to Xst completion: 0.21 secs
 
--> Parameter xsthdpdir set to xst


Total REAL time to Xst completion: 0.00 secs
Total CPU time to Xst completion: 0.22 secs
 
--> Reading design: h_bridge.prj

TABLE OF CONTENTS
  1) Synthesis Options Summary
  2) HDL Compilation
  3) Design Hierarchy Analysis
  4) HDL Analysis
  5) HDL Synthesis
     5.1) HDL Synthesis Report
  6) Advanced HDL Synthesis
     6.1) Advanced HDL Synthesis Report
  7) Low Level Synthesis
  8) Partition Report
  9) Final Report

=========================================================================
*                      Synthesis Options Summary                        *
=========================================================================
---- Source Parameters
Input File Name                    : "h_bridge.prj"
Input Format                       : mixed
Ignore Synthesis Constraint File   : NO

---- Target Parameters
Output File Name                   : "h_bridge"
Output Format                      : NGC
Target Device                      : XC9500XL CPLDs

---- Source Options
Top Module Name                    : h_bridge
Automatic FSM Extraction           : YES
FSM Encoding Algorithm             : Auto
Safe Implementation                : No
Mux Extraction                     : Yes
Resource Sharing                   : YES

---- Target Options
Add IO Buffers                     : YES
MACRO Preserve                     : YES
XOR Preserve                       : YES
Equivalent register Removal        : YES

---- General Options
Optimization Goal                  : Speed
Optimization Effort                : 1
Keep Hierarchy                     : Yes
Netlist Hierarchy                  : As_Optimized
RTL Output                         : Yes
Hierarchy Separator                : /
Bus Delimiter                      : <>
Case Specifier                     : Maintain
Verilog 2001                       : YES

---- Other Options
Clock Enable                       : YES
wysiwyg                            : NO

=========================================================================


=========================================================================
*                          HDL Compilation                              *
=========================================================================
Compiling verilog file "../src/h_bridge.v" in library work
Module <h_bridge> compiled
Module <switch> compiled
No errors in compilation
Analysis of file <"h_bridge.prj"> succeeded.
 

=========================================================================
*                     Design Hierarchy Analysis                         *
=========================================================================
Analyzing hierarchy for module <h_bridge> in library <work>.

Analyzing hierarchy for module <switch> in library <work>.


=========================================================================
*                            HDL Analysis                               *
=========================================================================
Analyzing top module <h_bridge>.
Module <h_bridge> is correct for synthesis.
 
Analyzing module <switch> in library <work>.
Module <switch> is correct for synthesis.
 

=========================================================================
*                           HDL Synthesis                               *
=========================================================================

Performing bidirectional port resolution...

Synthesizing Unit <switch>.
    Related source file is "../src/h_bridge.v".
    Found 3-bit up counter for signal <count>.
    Found 3-bit comparator greatequal for signal <count$cmp_ge0000> created at line 117.
    Found 1-bit register for signal <out_n>.
    Found 1-bit register for signal <out_p>.
    Found 3-bit comparator less for signal <out_p$cmp_lt0000> created at line 117.
    Found 1-bit xor2 for signal <out_p$xor0000> created at line 109.
    Found 1-bit xor2 for signal <out_p$xor0001> created at line 109.
    Summary:
	inferred   1 Counter(s).
	inferred   2 Comparator(s).
	inferred   2 Xor(s).
Unit <switch> synthesized.


Synthesizing Unit <h_bridge>.
    Related source file is "../src/h_bridge.v".
    Found 1-bit register for signal <output_enable_watchdog>.
    Found 20-bit register for signal <watch_cnt>.
    Found 20-bit adder for signal <watch_cnt$addsub0000> created at line 51.
    Found 20-bit comparator greater for signal <watch_cnt$cmp_gt0000> created at line 49.
    Found 1-bit xor2 for signal <watch_cnt$xor0000> created at line 35.
    Found 1-bit register for signal <watch_rst>.
    Summary:
	inferred   1 D-type flip-flop(s).
	inferred   1 Adder/Subtractor(s).
	inferred   1 Comparator(s).
	inferred   1 Xor(s).
Unit <h_bridge> synthesized.


=========================================================================
HDL Synthesis Report

Macro Statistics
# Adders/Subtractors                                   : 1
 20-bit adder                                          : 1
# Counters                                             : 3
 3-bit up counter                                      : 3
# Registers                                            : 9
 1-bit register                                        : 8
 20-bit register                                       : 1
# Comparators                                          : 7
 20-bit comparator greater                             : 1
 3-bit comparator greatequal                           : 3
 3-bit comparator less                                 : 3
# Xors                                                 : 7
 1-bit xor2                                            : 7

=========================================================================

=========================================================================
*                       Advanced HDL Synthesis                          *
=========================================================================


=========================================================================
Advanced HDL Synthesis Report

Macro Statistics
# Adders/Subtractors                                   : 1
 20-bit adder                                          : 1
# Counters                                             : 3
 3-bit up counter                                      : 3
# Registers                                            : 1
 Flip-Flops                                            : 1

=========================================================================

=========================================================================
*                         Low Level Synthesis                           *
=========================================================================

Optimizing unit <h_bridge> ...

Optimizing unit <switch> ...

=========================================================================
*                           Partition Report                            *
=========================================================================

Partition Implementation Status
-------------------------------

  No Partitions were found in this design.

-------------------------------

=========================================================================
*                            Final Report                               *
=========================================================================
Final Results
RTL Top Level Output File Name     : h_bridge.ngr
Top Level Output File Name         : h_bridge
Output Format                      : NGC
Optimization Goal                  : Speed
Keep Hierarchy                     : Yes
Target Technology                  : XC9500XL CPLDs
Macro Preserve                     : YES
XOR Preserve                       : YES
Clock Enable                       : YES
wysiwyg                            : NO

Design Statistics
# IOs                              : 12

Cell Usage :
# BELS                             : 300
#      AND2                        : 124
#      AND3                        : 11
#      AND4                        : 4
#      AND8                        : 2
#      GND                         : 4
#      INV                         : 108
#      OR2                         : 7
#      OR3                         : 5
#      OR4                         : 1
#      OR8                         : 2
#      XOR2                        : 32
# FlipFlops/Latches                : 37
#      FD                          : 30
#      FDCE                        : 7
# IO Buffers                       : 12
#      IBUF                        : 6
#      OBUF                        : 6
=========================================================================


Total REAL time to Xst completion: 5.00 secs
Total CPU time to Xst completion: 5.42 secs
 
--> 

Total memory usage is 203916 kilobytes

Number of errors   :    0 (   0 filtered)
Number of warnings :    0 (   0 filtered)
Number of infos    :    0 (   0 filtered)

